Info: Start Nativelink Simulation process

========= EDA Simulation Settings =====================

Sim Mode              :  Gate
Family                :  cyclonev
Quartus root          :  c:/intelfpga_lite/19.1/quartus/bin64/
Quartus sim root      :  c:/intelfpga_lite/19.1/quartus/eda/sim_lib
Simulation Tool       :  modelsim-altera
Simulation Language   :  verilog
Simulation Mode       :  GUI
Sim Output File       :  rca_8b_top.vo
Sim SDF file          :  rca_8b_top__verilog.sdo
Sim dir               :  simulation\modelsim

=======================================================

Info: Starting NativeLink simulation with ModelSim-Altera software
Sourced NativeLink script c:/intelfpga_lite/19.1/quartus/common/tcl/internal/nativelink/modelsim.tcl
Warning: File rca_8b_top_run_msim_gate_verilog.do already exists - backing up current file as rca_8b_top_run_msim_gate_verilog.do.bak
Probing transcript
ModelSim-Altera Info: # Reading C:/intelFPGA/19.1/modelsim_ase/tcl/vsim/pref.tcl
ModelSim-Altera Info: # do rca_8b_top_run_msim_gate_verilog.do
ModelSim-Altera Info: # if {[file exists gate_work]} {
ModelSim-Altera Info: # 	vdel -lib gate_work -all
ModelSim-Altera Info: # }
ModelSim-Altera Info: # vlib gate_work
ModelSim-Altera Info: # vmap work gate_work
ModelSim-Altera Info: # Model Technology ModelSim - Intel FPGA Edition vmap 10.5b Lib Mapping Utility 2016.10 Oct  5 2016
ModelSim-Altera Info: # vmap work gate_work 
ModelSim-Altera Info: # Copying C:/intelFPGA/19.1/modelsim_ase/win32aloem/../modelsim.ini to modelsim.ini
ModelSim-Altera Info: # Modifying modelsim.ini
ModelSim-Altera Info: # 
ModelSim-Altera Info: # vlog -vlog01compat -work work +incdir+. {rca_8b_top.vo}
ModelSim-Altera Info: # Model Technology ModelSim - Intel FPGA Edition vlog 10.5b Compiler 2016.10 Oct  5 2016
ModelSim-Altera Info: # Start time: 16:46:59 on Apr 19,2020
ModelSim-Altera Info: # vlog -reportprogress 300 -vlog01compat -work work "+incdir+." rca_8b_top.vo 
ModelSim-Altera Info: # -- Compiling module rca_8b_top
ModelSim-Altera Info: # 
ModelSim-Altera Info: # Top level modules:
ModelSim-Altera Info: # 	rca_8b_top
ModelSim-Altera Info: # End time: 16:46:59 on Apr 19,2020, Elapsed time: 0:00:00
ModelSim-Altera Info: # Errors: 0, Warnings: 0
ModelSim-Altera Info: # 
ModelSim-Altera Info: # vlog -vlog01compat -work work +incdir+C:/Users/patche/Documents/GitHub/CNUCSE-SoC-Design-2020-Spring/Lab6.\ RCA/ripple-carry-adder {C:/Users/patche/Documents/GitHub/CNUCSE-SoC-Design-2020-Spring/Lab6. RCA/ripple-carry-adder/rca_8b_tb.v}
ModelSim-Altera Info: # Model Technology ModelSim - Intel FPGA Edition vlog 10.5b Compiler 2016.10 Oct  5 2016
ModelSim-Altera Info: # Start time: 16:46:59 on Apr 19,2020
ModelSim-Altera Info: # vlog -reportprogress 300 -vlog01compat -work work "+incdir+C:/Users/patche/Documents/GitHub/CNUCSE-SoC-Design-2020-Spring/Lab6. RCA/ripple-carry-adder" C:/Users/patche/Documents/GitHub/CNUCSE-SoC-Design-2020-Spring/Lab6. RCA/ripple-carry-adder/rca_8b_tb.v 
ModelSim-Altera Info: # -- Compiling module rca_8b_tb
ModelSim-Altera Info: # 
ModelSim-Altera Info: # Top level modules:
ModelSim-Altera Info: # 	rca_8b_tb
ModelSim-Altera Info: # End time: 16:46:59 on Apr 19,2020, Elapsed time: 0:00:00
ModelSim-Altera Info: # Errors: 0, Warnings: 0
ModelSim-Altera Info: # 
ModelSim-Altera Info: # vsim -t 1ps -L altera_ver -L altera_lnsim_ver -L cyclonev_ver -L lpm_ver -L sgate_ver -L cyclonev_hssi_ver -L altera_mf_ver -L cyclonev_pcie_hip_ver -L gate_work -L work -voptargs="+acc"  rca_8b_tb
ModelSim-Altera Info: # vsim -t 1ps -L altera_ver -L altera_lnsim_ver -L cyclonev_ver -L lpm_ver -L sgate_ver -L cyclonev_hssi_ver -L altera_mf_ver -L cyclonev_pcie_hip_ver -L gate_work -L work -voptargs=""+acc"" rca_8b_tb 
ModelSim-Altera Info: # Start time: 16:47:00 on Apr 19,2020
ModelSim-Altera Info: # Loading work.rca_8b_tb
ModelSim-Altera Info: # Loading work.rca_8b_top
ModelSim-Altera Info: # Loading cyclonev_ver.cyclonev_io_obuf
ModelSim-Altera Info: # Loading cyclonev_ver.cyclonev_io_ibuf
ModelSim-Altera Info: # Loading cyclonev_ver.cyclonev_lcell_comb
ModelSim-Altera Info: # 
ModelSim-Altera Info: # add wave *
ModelSim-Altera Info: # view structure
ModelSim-Altera Info: # .main_pane.structure.interior.cs.body.struct
ModelSim-Altera Info: # view signals
ModelSim-Altera Info: # .main_pane.objects.interior.cs.body.tree
ModelSim-Altera Info: # run -all
ModelSim-Altera Info: step -over -current
ModelSim-Altera Error: # ** Error: (vsim-12081) The specified scope, sim:/rca_8b_tb, is not a process or thread.
ModelSim-Altera Info: # 
ModelSim-Altera Info: restart
ModelSim-Altera Info: run
ModelSim-Altera Info: vlog -vlog01compat -work work {+incdir+C:/Users/patche/Documents/GitHub/CNUCSE-SoC-Design-2020-Spring/Lab6. RCA/ripple-carry-adder} {C:/Users/patche/Documents/GitHub/CNUCSE-SoC-Design-2020-Spring/Lab6. RCA/ripple-carry-adder/rca_8b_tb.v}
ModelSim-Altera Info: # Model Technology ModelSim - Intel FPGA Edition vlog 10.5b Compiler 2016.10 Oct  5 2016
ModelSim-Altera Info: # Start time: 16:48:50 on Apr 19,2020
ModelSim-Altera Info: # vlog -reportprogress 300 -vlog01compat -work work "+incdir+C:/Users/patche/Documents/GitHub/CNUCSE-SoC-Design-2020-Spring/Lab6. RCA/ripple-carry-adder" C:/Users/patche/Documents/GitHub/CNUCSE-SoC-Design-2020-Spring/Lab6. RCA/ripple-carry-adder/rca_8b_tb.v 
ModelSim-Altera Info: # -- Compiling module rca_8b_tb
ModelSim-Altera Error: # ** Error: (vlog-13069) C:/Users/patche/Documents/GitHub/CNUCSE-SoC-Design-2020-Spring/Lab6. RCA/ripple-carry-adder/rca_8b_tb.v(15): near "'x": syntax error, unexpected UNSIZED_BIT, expecting ';'.
ModelSim-Altera Info: # End time: 16:48:50 on Apr 19,2020, Elapsed time: 0:00:00
ModelSim-Altera Info: # Errors: 1, Warnings: 0
ModelSim-Altera Info: # C:/intelFPGA/19.1/modelsim_ase/win32aloem/vlog failed.
ModelSim-Altera Info: vlog -vlog01compat -work work {+incdir+C:/Users/patche/Documents/GitHub/CNUCSE-SoC-Design-2020-Spring/Lab6. RCA/ripple-carry-adder} {C:/Users/patche/Documents/GitHub/CNUCSE-SoC-Design-2020-Spring/Lab6. RCA/ripple-carry-adder/rca_8b_tb.v}
ModelSim-Altera Info: # Model Technology ModelSim - Intel FPGA Edition vlog 10.5b Compiler 2016.10 Oct  5 2016
ModelSim-Altera Info: # Start time: 16:49:07 on Apr 19,2020
ModelSim-Altera Info: # vlog -reportprogress 300 -vlog01compat -work work "+incdir+C:/Users/patche/Documents/GitHub/CNUCSE-SoC-Design-2020-Spring/Lab6. RCA/ripple-carry-adder" C:/Users/patche/Documents/GitHub/CNUCSE-SoC-Design-2020-Spring/Lab6. RCA/ripple-carry-adder/rca_8b_tb.v 
ModelSim-Altera Info: # -- Compiling module rca_8b_tb
ModelSim-Altera Info: # 
ModelSim-Altera Info: # Top level modules:
ModelSim-Altera Info: # 	rca_8b_tb
ModelSim-Altera Info: # End time: 16:49:08 on Apr 19,2020, Elapsed time: 0:00:01
ModelSim-Altera Info: # Errors: 0, Warnings: 0
ModelSim-Altera Info: vsim work.rca_8b_tb
ModelSim-Altera Info: # End time: 16:49:13 on Apr 19,2020, Elapsed time: 0:02:13
ModelSim-Altera Info: # Errors: 3, Warnings: 0
ModelSim-Altera Info: # vsim work.rca_8b_tb 
ModelSim-Altera Info: # Start time: 16:49:13 on Apr 19,2020
ModelSim-Altera Info: # Loading work.rca_8b_tb
ModelSim-Altera Info: # Loading work.rca_8b_top
ModelSim-Altera Error: # ** Error: (vsim-3033) rca_8b_top.vo(120): Instantiation of 'cyclonev_io_obuf' failed. The design unit was not found.
ModelSim-Altera Info: #    Time: 0 ps  Iteration: 0  Instance: /rca_8b_tb/rca File: rca_8b_top.vo
ModelSim-Altera Info: #         Searched libraries:
ModelSim-Altera Info: #             C:/Users/patche/Documents/GitHub/CNUCSE-SoC-Design-2020-Spring/Lab6. RCA/ripple-carry-adder/simulation/modelsim/gate_work
ModelSim-Altera Error: # ** Error: (vsim-3033) rca_8b_top.vo(136): Instantiation of 'cyclonev_io_obuf' failed. The design unit was not found.
ModelSim-Altera Info: #    Time: 0 ps  Iteration: 0  Instance: /rca_8b_tb/rca File: rca_8b_top.vo
ModelSim-Altera Info: #         Searched libraries:
ModelSim-Altera Info: #             C:/Users/patche/Documents/GitHub/CNUCSE-SoC-Design-2020-Spring/Lab6. RCA/ripple-carry-adder/simulation/modelsim/gate_work
ModelSim-Altera Error: # ** Error: (vsim-3033) rca_8b_top.vo(152): Instantiation of 'cyclonev_io_obuf' failed. The design unit was not found.
ModelSim-Altera Info: #    Time: 0 ps  Iteration: 0  Instance: /rca_8b_tb/rca File: rca_8b_top.vo
ModelSim-Altera Info: #         Searched libraries:
ModelSim-Altera Info: #             C:/Users/patche/Documents/GitHub/CNUCSE-SoC-Design-2020-Spring/Lab6. RCA/ripple-carry-adder/simulation/modelsim/gate_work
ModelSim-Altera Error: # ** Error: (vsim-3033) rca_8b_top.vo(168): Instantiation of 'cyclonev_io_obuf' failed. The design unit was not found.
ModelSim-Altera Info: #    Time: 0 ps  Iteration: 0  Instance: /rca_8b_tb/rca File: rca_8b_top.vo
ModelSim-Altera Info: #         Searched libraries:
ModelSim-Altera Info: #             C:/Users/patche/Documents/GitHub/CNUCSE-SoC-Design-2020-Spring/Lab6. RCA/ripple-carry-adder/simulation/modelsim/gate_work
ModelSim-Altera Error: # ** Error: (vsim-3033) rca_8b_top.vo(184): Instantiation of 'cyclonev_io_obuf' failed. The design unit was not found.
ModelSim-Altera Info: #    Time: 0 ps  Iteration: 0  Instance: /rca_8b_tb/rca File: rca_8b_top.vo
ModelSim-Altera Info: #         Searched libraries:
ModelSim-Altera Info: #             C:/Users/patche/Documents/GitHub/CNUCSE-SoC-Design-2020-Spring/Lab6. RCA/ripple-carry-adder/simulation/modelsim/gate_work
ModelSim-Altera Error: # ** Error: (vsim-3033) rca_8b_top.vo(200): Instantiation of 'cyclonev_io_obuf' failed. The design unit was not found.
ModelSim-Altera Info: #    Time: 0 ps  Iteration: 0  Instance: /rca_8b_tb/rca File: rca_8b_top.vo
ModelSim-Altera Info: #         Searched libraries:
ModelSim-Altera Info: #             C:/Users/patche/Documents/GitHub/CNUCSE-SoC-Design-2020-Spring/Lab6. RCA/ripple-carry-adder/simulation/modelsim/gate_work
ModelSim-Altera Error: # ** Error: (vsim-3033) rca_8b_top.vo(216): Instantiation of 'cyclonev_io_obuf' failed. The design unit was not found.
ModelSim-Altera Info: #    Time: 0 ps  Iteration: 0  Instance: /rca_8b_tb/rca File: rca_8b_top.vo
ModelSim-Altera Info: #         Searched libraries:
ModelSim-Altera Info: #             C:/Users/patche/Documents/GitHub/CNUCSE-SoC-Design-2020-Spring/Lab6. RCA/ripple-carry-adder/simulation/modelsim/gate_work
ModelSim-Altera Error: # ** Error: (vsim-3033) rca_8b_top.vo(232): Instantiation of 'cyclonev_io_obuf' failed. The design unit was not found.
ModelSim-Altera Info: #    Time: 0 ps  Iteration: 0  Instance: /rca_8b_tb/rca File: rca_8b_top.vo
ModelSim-Altera Info: #         Searched libraries:
ModelSim-Altera Info: #             C:/Users/patche/Documents/GitHub/CNUCSE-SoC-Design-2020-Spring/Lab6. RCA/ripple-carry-adder/simulation/modelsim/gate_work
ModelSim-Altera Error: # ** Error: (vsim-3033) rca_8b_top.vo(248): Instantiation of 'cyclonev_io_obuf' failed. The design unit was not found.
ModelSim-Altera Info: #    Time: 0 ps  Iteration: 0  Instance: /rca_8b_tb/rca File: rca_8b_top.vo
ModelSim-Altera Info: #         Searched libraries:
ModelSim-Altera Info: #             C:/Users/patche/Documents/GitHub/CNUCSE-SoC-Design-2020-Spring/Lab6. RCA/ripple-carry-adder/simulation/modelsim/gate_work
ModelSim-Altera Error: # ** Error: (vsim-3033) rca_8b_top.vo(264): Instantiation of 'cyclonev_io_ibuf' failed. The design unit was not found.
ModelSim-Altera Info: #    Time: 0 ps  Iteration: 0  Instance: /rca_8b_tb/rca File: rca_8b_top.vo
ModelSim-Altera Info: #         Searched libraries:
ModelSim-Altera Info: #             C:/Users/patche/Documents/GitHub/CNUCSE-SoC-Design-2020-Spring/Lab6. RCA/ripple-carry-adder/simulation/modelsim/gate_work
ModelSim-Altera Error: # ** Error: (vsim-3033) rca_8b_top.vo(275): Instantiation of 'cyclonev_io_ibuf' failed. The design unit was not found.
ModelSim-Altera Info: #    Time: 0 ps  Iteration: 0  Instance: /rca_8b_tb/rca File: rca_8b_top.vo
ModelSim-Altera Info: #         Searched libraries:
ModelSim-Altera Info: #             C:/Users/patche/Documents/GitHub/CNUCSE-SoC-Design-2020-Spring/Lab6. RCA/ripple-carry-adder/simulation/modelsim/gate_work
ModelSim-Altera Error: # ** Error: (vsim-3033) rca_8b_top.vo(286): Instantiation of 'cyclonev_lcell_comb' failed. The design unit was not found.
ModelSim-Altera Info: #    Time: 0 ps  Iteration: 0  Instance: /rca_8b_tb/rca File: rca_8b_top.vo
ModelSim-Altera Info: #         Searched libraries:
ModelSim-Altera Info: #             C:/Users/patche/Documents/GitHub/CNUCSE-SoC-Design-2020-Spring/Lab6. RCA/ripple-carry-adder/simulation/modelsim/gate_work
ModelSim-Altera Error: # ** Error: (vsim-3033) rca_8b_top.vo(310): Instantiation of 'cyclonev_io_ibuf' failed. The design unit was not found.
ModelSim-Altera Info: #    Time: 0 ps  Iteration: 0  Instance: /rca_8b_tb/rca File: rca_8b_top.vo
ModelSim-Altera Info: #         Searched libraries:
ModelSim-Altera Info: #             C:/Users/patche/Documents/GitHub/CNUCSE-SoC-Design-2020-Spring/Lab6. RCA/ripple-carry-adder/simulation/modelsim/gate_work
ModelSim-Altera Error: # ** Error: (vsim-3033) rca_8b_top.vo(321): Instantiation of 'cyclonev_io_ibuf' failed. The design unit was not found.
ModelSim-Altera Info: #    Time: 0 ps  Iteration: 0  Instance: /rca_8b_tb/rca File: rca_8b_top.vo
ModelSim-Altera Info: #         Searched libraries:
ModelSim-Altera Info: #             C:/Users/patche/Documents/GitHub/CNUCSE-SoC-Design-2020-Spring/Lab6. RCA/ripple-carry-adder/simulation/modelsim/gate_work
ModelSim-Altera Error: # ** Error: (vsim-3033) rca_8b_top.vo(332): Instantiation of 'cyclonev_lcell_comb' failed. The design unit was not found.
ModelSim-Altera Info: #    Time: 0 ps  Iteration: 0  Instance: /rca_8b_tb/rca File: rca_8b_top.vo
ModelSim-Altera Info: #         Searched libraries:
ModelSim-Altera Info: #             C:/Users/patche/Documents/GitHub/CNUCSE-SoC-Design-2020-Spring/Lab6. RCA/ripple-carry-adder/simulation/modelsim/gate_work
ModelSim-Altera Error: # ** Error: (vsim-3033) rca_8b_top.vo(356): Instantiation of 'cyclonev_io_ibuf' failed. The design unit was not found.
ModelSim-Altera Info: #    Time: 0 ps  Iteration: 0  Instance: /rca_8b_tb/rca File: rca_8b_top.vo
ModelSim-Altera Info: #         Searched libraries:
ModelSim-Altera Info: #             C:/Users/patche/Documents/GitHub/CNUCSE-SoC-Design-2020-Spring/Lab6. RCA/ripple-carry-adder/simulation/modelsim/gate_work
ModelSim-Altera Error: # ** Error: (vsim-3033) rca_8b_top.vo(367): Instantiation of 'cyclonev_io_ibuf' failed. The design unit was not found.
ModelSim-Altera Info: #    Time: 0 ps  Iteration: 0  Instance: /rca_8b_tb/rca File: rca_8b_top.vo
ModelSim-Altera Info: #         Searched libraries:
ModelSim-Altera Info: #             C:/Users/patche/Documents/GitHub/CNUCSE-SoC-Design-2020-Spring/Lab6. RCA/ripple-carry-adder/simulation/modelsim/gate_work
ModelSim-Altera Error: # ** Error: (vsim-3033) rca_8b_top.vo(378): Instantiation of 'cyclonev_lcell_comb' failed. The design unit was not found.
ModelSim-Altera Info: #    Time: 0 ps  Iteration: 0  Instance: /rca_8b_tb/rca File: rca_8b_top.vo
ModelSim-Altera Info: #         Searched libraries:
ModelSim-Altera Info: #             C:/Users/patche/Documents/GitHub/CNUCSE-SoC-Design-2020-Spring/Lab6. RCA/ripple-carry-adder/simulation/modelsim/gate_work
ModelSim-Altera Error: # ** Error: (vsim-3033) rca_8b_top.vo(402): Instantiation of 'cyclonev_io_ibuf' failed. The design unit was not found.
ModelSim-Altera Info: #    Time: 0 ps  Iteration: 0  Instance: /rca_8b_tb/rca File: rca_8b_top.vo
ModelSim-Altera Info: #         Searched libraries:
ModelSim-Altera Info: #             C:/Users/patche/Documents/GitHub/CNUCSE-SoC-Design-2020-Spring/Lab6. RCA/ripple-carry-adder/simulation/modelsim/gate_work
ModelSim-Altera Error: # ** Error: (vsim-3033) rca_8b_top.vo(413): Instantiation of 'cyclonev_io_ibuf' failed. The design unit was not found.
ModelSim-Altera Info: #    Time: 0 ps  Iteration: 0  Instance: /rca_8b_tb/rca File: rca_8b_top.vo
ModelSim-Altera Info: #         Searched libraries:
ModelSim-Altera Info: #             C:/Users/patche/Documents/GitHub/CNUCSE-SoC-Design-2020-Spring/Lab6. RCA/ripple-carry-adder/simulation/modelsim/gate_work
ModelSim-Altera Error: # ** Error: (vsim-3033) rca_8b_top.vo(424): Instantiation of 'cyclonev_lcell_comb' failed. The design unit was not found.
ModelSim-Altera Info: #    Time: 0 ps  Iteration: 0  Instance: /rca_8b_tb/rca File: rca_8b_top.vo
ModelSim-Altera Info: #         Searched libraries:
ModelSim-Altera Info: #             C:/Users/patche/Documents/GitHub/CNUCSE-SoC-Design-2020-Spring/Lab6. RCA/ripple-carry-adder/simulation/modelsim/gate_work
ModelSim-Altera Error: # ** Error: (vsim-3033) rca_8b_top.vo(448): Instantiation of 'cyclonev_io_ibuf' failed. The design unit was not found.
ModelSim-Altera Info: #    Time: 0 ps  Iteration: 0  Instance: /rca_8b_tb/rca File: rca_8b_top.vo
ModelSim-Altera Info: #         Searched libraries:
ModelSim-Altera Info: #             C:/Users/patche/Documents/GitHub/CNUCSE-SoC-Design-2020-Spring/Lab6. RCA/ripple-carry-adder/simulation/modelsim/gate_work
ModelSim-Altera Error: # ** Error: (vsim-3033) rca_8b_top.vo(459): Instantiation of 'cyclonev_io_ibuf' failed. The design unit was not found.
ModelSim-Altera Info: #    Time: 0 ps  Iteration: 0  Instance: /rca_8b_tb/rca File: rca_8b_top.vo
ModelSim-Altera Info: #         Searched libraries:
ModelSim-Altera Info: #             C:/Users/patche/Documents/GitHub/CNUCSE-SoC-Design-2020-Spring/Lab6. RCA/ripple-carry-adder/simulation/modelsim/gate_work
ModelSim-Altera Error: # ** Error: (vsim-3033) rca_8b_top.vo(470): Instantiation of 'cyclonev_lcell_comb' failed. The design unit was not found.
ModelSim-Altera Info: #    Time: 0 ps  Iteration: 0  Instance: /rca_8b_tb/rca File: rca_8b_top.vo
ModelSim-Altera Info: #         Searched libraries:
ModelSim-Altera Info: #             C:/Users/patche/Documents/GitHub/CNUCSE-SoC-Design-2020-Spring/Lab6. RCA/ripple-carry-adder/simulation/modelsim/gate_work
ModelSim-Altera Error: # ** Error: (vsim-3033) rca_8b_top.vo(494): Instantiation of 'cyclonev_io_ibuf' failed. The design unit was not found.
ModelSim-Altera Info: #    Time: 0 ps  Iteration: 0  Instance: /rca_8b_tb/rca File: rca_8b_top.vo
ModelSim-Altera Info: #         Searched libraries:
ModelSim-Altera Info: #             C:/Users/patche/Documents/GitHub/CNUCSE-SoC-Design-2020-Spring/Lab6. RCA/ripple-carry-adder/simulation/modelsim/gate_work
ModelSim-Altera Error: # ** Error: (vsim-3033) rca_8b_top.vo(505): Instantiation of 'cyclonev_io_ibuf' failed. The design unit was not found.
ModelSim-Altera Info: #    Time: 0 ps  Iteration: 0  Instance: /rca_8b_tb/rca File: rca_8b_top.vo
ModelSim-Altera Info: #         Searched libraries:
ModelSim-Altera Info: #             C:/Users/patche/Documents/GitHub/CNUCSE-SoC-Design-2020-Spring/Lab6. RCA/ripple-carry-adder/simulation/modelsim/gate_work
ModelSim-Altera Error: # ** Error: (vsim-3033) rca_8b_top.vo(516): Instantiation of 'cyclonev_lcell_comb' failed. The design unit was not found.
ModelSim-Altera Info: #    Time: 0 ps  Iteration: 0  Instance: /rca_8b_tb/rca File: rca_8b_top.vo
ModelSim-Altera Info: #         Searched libraries:
ModelSim-Altera Info: #             C:/Users/patche/Documents/GitHub/CNUCSE-SoC-Design-2020-Spring/Lab6. RCA/ripple-carry-adder/simulation/modelsim/gate_work
ModelSim-Altera Error: # ** Error: (vsim-3033) rca_8b_top.vo(540): Instantiation of 'cyclonev_io_ibuf' failed. The design unit was not found.
ModelSim-Altera Info: #    Time: 0 ps  Iteration: 0  Instance: /rca_8b_tb/rca File: rca_8b_top.vo
ModelSim-Altera Info: #         Searched libraries:
ModelSim-Altera Info: #             C:/Users/patche/Documents/GitHub/CNUCSE-SoC-Design-2020-Spring/Lab6. RCA/ripple-carry-adder/simulation/modelsim/gate_work
ModelSim-Altera Error: # ** Error: (vsim-3033) rca_8b_top.vo(551): Instantiation of 'cyclonev_io_ibuf' failed. The design unit was not found.
ModelSim-Altera Info: #    Time: 0 ps  Iteration: 0  Instance: /rca_8b_tb/rca File: rca_8b_top.vo
ModelSim-Altera Info: #         Searched libraries:
ModelSim-Altera Info: #             C:/Users/patche/Documents/GitHub/CNUCSE-SoC-Design-2020-Spring/Lab6. RCA/ripple-carry-adder/simulation/modelsim/gate_work
ModelSim-Altera Error: # ** Error: (vsim-3033) rca_8b_top.vo(562): Instantiation of 'cyclonev_lcell_comb' failed. The design unit was not found.
ModelSim-Altera Info: #    Time: 0 ps  Iteration: 0  Instance: /rca_8b_tb/rca File: rca_8b_top.vo
ModelSim-Altera Info: #         Searched libraries:
ModelSim-Altera Info: #             C:/Users/patche/Documents/GitHub/CNUCSE-SoC-Design-2020-Spring/Lab6. RCA/ripple-carry-adder/simulation/modelsim/gate_work
ModelSim-Altera Error: # ** Error: (vsim-3033) rca_8b_top.vo(586): Instantiation of 'cyclonev_io_ibuf' failed. The design unit was not found.
ModelSim-Altera Info: #    Time: 0 ps  Iteration: 0  Instance: /rca_8b_tb/rca File: rca_8b_top.vo
ModelSim-Altera Info: #         Searched libraries:
ModelSim-Altera Info: #             C:/Users/patche/Documents/GitHub/CNUCSE-SoC-Design-2020-Spring/Lab6. RCA/ripple-carry-adder/simulation/modelsim/gate_work
ModelSim-Altera Error: # ** Error: (vsim-3033) rca_8b_top.vo(597): Instantiation of 'cyclonev_io_ibuf' failed. The design unit was not found.
ModelSim-Altera Info: #    Time: 0 ps  Iteration: 0  Instance: /rca_8b_tb/rca File: rca_8b_top.vo
ModelSim-Altera Info: #         Searched libraries:
ModelSim-Altera Info: #             C:/Users/patche/Documents/GitHub/CNUCSE-SoC-Design-2020-Spring/Lab6. RCA/ripple-carry-adder/simulation/modelsim/gate_work
ModelSim-Altera Error: # ** Error: (vsim-3033) rca_8b_top.vo(608): Instantiation of 'cyclonev_lcell_comb' failed. The design unit was not found.
ModelSim-Altera Info: #    Time: 0 ps  Iteration: 0  Instance: /rca_8b_tb/rca File: rca_8b_top.vo
ModelSim-Altera Info: #         Searched libraries:
ModelSim-Altera Info: #             C:/Users/patche/Documents/GitHub/CNUCSE-SoC-Design-2020-Spring/Lab6. RCA/ripple-carry-adder/simulation/modelsim/gate_work
ModelSim-Altera Error: # ** Error: (vsim-3033) rca_8b_top.vo(632): Instantiation of 'cyclonev_lcell_comb' failed. The design unit was not found.
ModelSim-Altera Info: #    Time: 0 ps  Iteration: 0  Instance: /rca_8b_tb/rca File: rca_8b_top.vo
ModelSim-Altera Info: #         Searched libraries:
ModelSim-Altera Info: #             C:/Users/patche/Documents/GitHub/CNUCSE-SoC-Design-2020-Spring/Lab6. RCA/ripple-carry-adder/simulation/modelsim/gate_work
ModelSim-Altera Error: # ** Error: (vsim-3033) rca_8b_top.vo(656): Instantiation of 'cyclonev_lcell_comb' failed. The design unit was not found.
ModelSim-Altera Info: #    Time: 0 ps  Iteration: 0  Instance: /rca_8b_tb/rca File: rca_8b_top.vo
ModelSim-Altera Info: #         Searched libraries:
ModelSim-Altera Info: #             C:/Users/patche/Documents/GitHub/CNUCSE-SoC-Design-2020-Spring/Lab6. RCA/ripple-carry-adder/simulation/modelsim/gate_work
ModelSim-Altera Error: # ** Error: (vsim-3033) rca_8b_top.vo(680): Instantiation of 'cyclonev_lcell_comb' failed. The design unit was not found.
ModelSim-Altera Info: #    Time: 0 ps  Iteration: 0  Instance: /rca_8b_tb/rca File: rca_8b_top.vo
ModelSim-Altera Info: #         Searched libraries:
ModelSim-Altera Info: #             C:/Users/patche/Documents/GitHub/CNUCSE-SoC-Design-2020-Spring/Lab6. RCA/ripple-carry-adder/simulation/modelsim/gate_work
ModelSim-Altera Error: # ** Error: (vsim-3033) rca_8b_top.vo(706): Instantiation of 'cyclonev_io_ibuf' failed. The design unit was not found.
ModelSim-Altera Info: #    Time: 0 ps  Iteration: 0  Instance: /rca_8b_tb/rca File: rca_8b_top.vo
ModelSim-Altera Info: #         Searched libraries:
ModelSim-Altera Info: #             C:/Users/patche/Documents/GitHub/CNUCSE-SoC-Design-2020-Spring/Lab6. RCA/ripple-carry-adder/simulation/modelsim/gate_work
ModelSim-Altera Error: # ** Error: (vsim-3033) rca_8b_top.vo(717): Instantiation of 'cyclonev_lcell_comb' failed. The design unit was not found.
ModelSim-Altera Info: #    Time: 0 ps  Iteration: 0  Instance: /rca_8b_tb/rca File: rca_8b_top.vo
ModelSim-Altera Info: #         Searched libraries:
ModelSim-Altera Info: #             C:/Users/patche/Documents/GitHub/CNUCSE-SoC-Design-2020-Spring/Lab6. RCA/ripple-carry-adder/simulation/modelsim/gate_work
ModelSim-Altera Error: # ** Error: (vsim-3033) rca_8b_top.vo(741): Instantiation of 'cyclonev_lcell_comb' failed. The design unit was not found.
ModelSim-Altera Info: #    Time: 0 ps  Iteration: 0  Instance: /rca_8b_tb/rca File: rca_8b_top.vo
ModelSim-Altera Info: #         Searched libraries:
ModelSim-Altera Info: #             C:/Users/patche/Documents/GitHub/CNUCSE-SoC-Design-2020-Spring/Lab6. RCA/ripple-carry-adder/simulation/modelsim/gate_work
ModelSim-Altera Error: # ** Error: (vsim-3033) rca_8b_top.vo(766): Instantiation of 'cyclonev_lcell_comb' failed. The design unit was not found.
ModelSim-Altera Info: #    Time: 0 ps  Iteration: 0  Instance: /rca_8b_tb/rca File: rca_8b_top.vo
ModelSim-Altera Info: #         Searched libraries:
ModelSim-Altera Info: #             C:/Users/patche/Documents/GitHub/CNUCSE-SoC-Design-2020-Spring/Lab6. RCA/ripple-carry-adder/simulation/modelsim/gate_work
ModelSim-Altera Error: # ** Error: (vsim-3033) rca_8b_top.vo(790): Instantiation of 'cyclonev_lcell_comb' failed. The design unit was not found.
ModelSim-Altera Info: #    Time: 0 ps  Iteration: 0  Instance: /rca_8b_tb/rca File: rca_8b_top.vo
ModelSim-Altera Info: #         Searched libraries:
ModelSim-Altera Info: #             C:/Users/patche/Documents/GitHub/CNUCSE-SoC-Design-2020-Spring/Lab6. RCA/ripple-carry-adder/simulation/modelsim/gate_work
ModelSim-Altera Error: # ** Error: (vsim-3033) rca_8b_top.vo(814): Instantiation of 'cyclonev_lcell_comb' failed. The design unit was not found.
ModelSim-Altera Info: #    Time: 0 ps  Iteration: 0  Instance: /rca_8b_tb/rca File: rca_8b_top.vo
ModelSim-Altera Info: #         Searched libraries:
ModelSim-Altera Info: #             C:/Users/patche/Documents/GitHub/CNUCSE-SoC-Design-2020-Spring/Lab6. RCA/ripple-carry-adder/simulation/modelsim/gate_work
ModelSim-Altera Info: # Error loading design
ModelSim-Altera Info: # End time: 16:49:15 on Apr 19,2020, Elapsed time: 0:00:02
ModelSim-Altera Info: # Errors: 42, Warnings: 0
ModelSim-Altera Info: vsim work.rca_8b_tb
ModelSim-Altera Info: # vsim work.rca_8b_tb 
ModelSim-Altera Info: # Start time: 16:49:22 on Apr 19,2020
ModelSim-Altera Info: # Loading work.rca_8b_tb
ModelSim-Altera Info: # Loading work.rca_8b_top
ModelSim-Altera Error: # ** Error: (vsim-3033) rca_8b_top.vo(120): Instantiation of 'cyclonev_io_obuf' failed. The design unit was not found.
ModelSim-Altera Info: #    Time: 0 ps  Iteration: 0  Instance: /rca_8b_tb/rca File: rca_8b_top.vo
ModelSim-Altera Info: #         Searched libraries:
ModelSim-Altera Info: #             C:/Users/patche/Documents/GitHub/CNUCSE-SoC-Design-2020-Spring/Lab6. RCA/ripple-carry-adder/simulation/modelsim/gate_work
ModelSim-Altera Error: # ** Error: (vsim-3033) rca_8b_top.vo(136): Instantiation of 'cyclonev_io_obuf' failed. The design unit was not found.
ModelSim-Altera Info: #    Time: 0 ps  Iteration: 0  Instance: /rca_8b_tb/rca File: rca_8b_top.vo
ModelSim-Altera Info: #         Searched libraries:
ModelSim-Altera Info: #             C:/Users/patche/Documents/GitHub/CNUCSE-SoC-Design-2020-Spring/Lab6. RCA/ripple-carry-adder/simulation/modelsim/gate_work
ModelSim-Altera Error: # ** Error: (vsim-3033) rca_8b_top.vo(152): Instantiation of 'cyclonev_io_obuf' failed. The design unit was not found.
ModelSim-Altera Info: #    Time: 0 ps  Iteration: 0  Instance: /rca_8b_tb/rca File: rca_8b_top.vo
ModelSim-Altera Info: #         Searched libraries:
ModelSim-Altera Info: #             C:/Users/patche/Documents/GitHub/CNUCSE-SoC-Design-2020-Spring/Lab6. RCA/ripple-carry-adder/simulation/modelsim/gate_work
ModelSim-Altera Error: # ** Error: (vsim-3033) rca_8b_top.vo(168): Instantiation of 'cyclonev_io_obuf' failed. The design unit was not found.
ModelSim-Altera Info: #    Time: 0 ps  Iteration: 0  Instance: /rca_8b_tb/rca File: rca_8b_top.vo
ModelSim-Altera Info: #         Searched libraries:
ModelSim-Altera Info: #             C:/Users/patche/Documents/GitHub/CNUCSE-SoC-Design-2020-Spring/Lab6. RCA/ripple-carry-adder/simulation/modelsim/gate_work
ModelSim-Altera Error: # ** Error: (vsim-3033) rca_8b_top.vo(184): Instantiation of 'cyclonev_io_obuf' failed. The design unit was not found.
ModelSim-Altera Info: #    Time: 0 ps  Iteration: 0  Instance: /rca_8b_tb/rca File: rca_8b_top.vo
ModelSim-Altera Info: #         Searched libraries:
ModelSim-Altera Info: #             C:/Users/patche/Documents/GitHub/CNUCSE-SoC-Design-2020-Spring/Lab6. RCA/ripple-carry-adder/simulation/modelsim/gate_work
ModelSim-Altera Error: # ** Error: (vsim-3033) rca_8b_top.vo(200): Instantiation of 'cyclonev_io_obuf' failed. The design unit was not found.
ModelSim-Altera Info: #    Time: 0 ps  Iteration: 0  Instance: /rca_8b_tb/rca File: rca_8b_top.vo
ModelSim-Altera Info: #         Searched libraries:
ModelSim-Altera Info: #             C:/Users/patche/Documents/GitHub/CNUCSE-SoC-Design-2020-Spring/Lab6. RCA/ripple-carry-adder/simulation/modelsim/gate_work
ModelSim-Altera Error: # ** Error: (vsim-3033) rca_8b_top.vo(216): Instantiation of 'cyclonev_io_obuf' failed. The design unit was not found.
ModelSim-Altera Info: #    Time: 0 ps  Iteration: 0  Instance: /rca_8b_tb/rca File: rca_8b_top.vo
ModelSim-Altera Info: #         Searched libraries:
ModelSim-Altera Info: #             C:/Users/patche/Documents/GitHub/CNUCSE-SoC-Design-2020-Spring/Lab6. RCA/ripple-carry-adder/simulation/modelsim/gate_work
ModelSim-Altera Error: # ** Error: (vsim-3033) rca_8b_top.vo(232): Instantiation of 'cyclonev_io_obuf' failed. The design unit was not found.
ModelSim-Altera Info: #    Time: 0 ps  Iteration: 0  Instance: /rca_8b_tb/rca File: rca_8b_top.vo
ModelSim-Altera Info: #         Searched libraries:
ModelSim-Altera Info: #             C:/Users/patche/Documents/GitHub/CNUCSE-SoC-Design-2020-Spring/Lab6. RCA/ripple-carry-adder/simulation/modelsim/gate_work
ModelSim-Altera Error: # ** Error: (vsim-3033) rca_8b_top.vo(248): Instantiation of 'cyclonev_io_obuf' failed. The design unit was not found.
ModelSim-Altera Info: #    Time: 0 ps  Iteration: 0  Instance: /rca_8b_tb/rca File: rca_8b_top.vo
ModelSim-Altera Info: #         Searched libraries:
ModelSim-Altera Info: #             C:/Users/patche/Documents/GitHub/CNUCSE-SoC-Design-2020-Spring/Lab6. RCA/ripple-carry-adder/simulation/modelsim/gate_work
ModelSim-Altera Error: # ** Error: (vsim-3033) rca_8b_top.vo(264): Instantiation of 'cyclonev_io_ibuf' failed. The design unit was not found.
ModelSim-Altera Info: #    Time: 0 ps  Iteration: 0  Instance: /rca_8b_tb/rca File: rca_8b_top.vo
ModelSim-Altera Info: #         Searched libraries:
ModelSim-Altera Info: #             C:/Users/patche/Documents/GitHub/CNUCSE-SoC-Design-2020-Spring/Lab6. RCA/ripple-carry-adder/simulation/modelsim/gate_work
ModelSim-Altera Error: # ** Error: (vsim-3033) rca_8b_top.vo(275): Instantiation of 'cyclonev_io_ibuf' failed. The design unit was not found.
ModelSim-Altera Info: #    Time: 0 ps  Iteration: 0  Instance: /rca_8b_tb/rca File: rca_8b_top.vo
ModelSim-Altera Info: #         Searched libraries:
ModelSim-Altera Info: #             C:/Users/patche/Documents/GitHub/CNUCSE-SoC-Design-2020-Spring/Lab6. RCA/ripple-carry-adder/simulation/modelsim/gate_work
ModelSim-Altera Error: # ** Error: (vsim-3033) rca_8b_top.vo(286): Instantiation of 'cyclonev_lcell_comb' failed. The design unit was not found.
ModelSim-Altera Info: #    Time: 0 ps  Iteration: 0  Instance: /rca_8b_tb/rca File: rca_8b_top.vo
ModelSim-Altera Info: #         Searched libraries:
ModelSim-Altera Info: #             C:/Users/patche/Documents/GitHub/CNUCSE-SoC-Design-2020-Spring/Lab6. RCA/ripple-carry-adder/simulation/modelsim/gate_work
ModelSim-Altera Error: # ** Error: (vsim-3033) rca_8b_top.vo(310): Instantiation of 'cyclonev_io_ibuf' failed. The design unit was not found.
ModelSim-Altera Info: #    Time: 0 ps  Iteration: 0  Instance: /rca_8b_tb/rca File: rca_8b_top.vo
ModelSim-Altera Info: #         Searched libraries:
ModelSim-Altera Info: #             C:/Users/patche/Documents/GitHub/CNUCSE-SoC-Design-2020-Spring/Lab6. RCA/ripple-carry-adder/simulation/modelsim/gate_work
ModelSim-Altera Error: # ** Error: (vsim-3033) rca_8b_top.vo(321): Instantiation of 'cyclonev_io_ibuf' failed. The design unit was not found.
ModelSim-Altera Info: #    Time: 0 ps  Iteration: 0  Instance: /rca_8b_tb/rca File: rca_8b_top.vo
ModelSim-Altera Info: #         Searched libraries:
ModelSim-Altera Info: #             C:/Users/patche/Documents/GitHub/CNUCSE-SoC-Design-2020-Spring/Lab6. RCA/ripple-carry-adder/simulation/modelsim/gate_work
ModelSim-Altera Error: # ** Error: (vsim-3033) rca_8b_top.vo(332): Instantiation of 'cyclonev_lcell_comb' failed. The design unit was not found.
ModelSim-Altera Info: #    Time: 0 ps  Iteration: 0  Instance: /rca_8b_tb/rca File: rca_8b_top.vo
ModelSim-Altera Info: #         Searched libraries:
ModelSim-Altera Info: #             C:/Users/patche/Documents/GitHub/CNUCSE-SoC-Design-2020-Spring/Lab6. RCA/ripple-carry-adder/simulation/modelsim/gate_work
ModelSim-Altera Error: # ** Error: (vsim-3033) rca_8b_top.vo(356): Instantiation of 'cyclonev_io_ibuf' failed. The design unit was not found.
ModelSim-Altera Info: #    Time: 0 ps  Iteration: 0  Instance: /rca_8b_tb/rca File: rca_8b_top.vo
ModelSim-Altera Info: #         Searched libraries:
ModelSim-Altera Info: #             C:/Users/patche/Documents/GitHub/CNUCSE-SoC-Design-2020-Spring/Lab6. RCA/ripple-carry-adder/simulation/modelsim/gate_work
ModelSim-Altera Error: # ** Error: (vsim-3033) rca_8b_top.vo(367): Instantiation of 'cyclonev_io_ibuf' failed. The design unit was not found.
ModelSim-Altera Info: #    Time: 0 ps  Iteration: 0  Instance: /rca_8b_tb/rca File: rca_8b_top.vo
ModelSim-Altera Info: #         Searched libraries:
ModelSim-Altera Info: #             C:/Users/patche/Documents/GitHub/CNUCSE-SoC-Design-2020-Spring/Lab6. RCA/ripple-carry-adder/simulation/modelsim/gate_work
ModelSim-Altera Error: # ** Error: (vsim-3033) rca_8b_top.vo(378): Instantiation of 'cyclonev_lcell_comb' failed. The design unit was not found.
ModelSim-Altera Info: #    Time: 0 ps  Iteration: 0  Instance: /rca_8b_tb/rca File: rca_8b_top.vo
ModelSim-Altera Info: #         Searched libraries:
ModelSim-Altera Info: #             C:/Users/patche/Documents/GitHub/CNUCSE-SoC-Design-2020-Spring/Lab6. RCA/ripple-carry-adder/simulation/modelsim/gate_work
ModelSim-Altera Error: # ** Error: (vsim-3033) rca_8b_top.vo(402): Instantiation of 'cyclonev_io_ibuf' failed. The design unit was not found.
ModelSim-Altera Info: #    Time: 0 ps  Iteration: 0  Instance: /rca_8b_tb/rca File: rca_8b_top.vo
ModelSim-Altera Info: #         Searched libraries:
ModelSim-Altera Info: #             C:/Users/patche/Documents/GitHub/CNUCSE-SoC-Design-2020-Spring/Lab6. RCA/ripple-carry-adder/simulation/modelsim/gate_work
ModelSim-Altera Error: # ** Error: (vsim-3033) rca_8b_top.vo(413): Instantiation of 'cyclonev_io_ibuf' failed. The design unit was not found.
ModelSim-Altera Info: #    Time: 0 ps  Iteration: 0  Instance: /rca_8b_tb/rca File: rca_8b_top.vo
ModelSim-Altera Info: #         Searched libraries:
ModelSim-Altera Info: #             C:/Users/patche/Documents/GitHub/CNUCSE-SoC-Design-2020-Spring/Lab6. RCA/ripple-carry-adder/simulation/modelsim/gate_work
ModelSim-Altera Error: # ** Error: (vsim-3033) rca_8b_top.vo(424): Instantiation of 'cyclonev_lcell_comb' failed. The design unit was not found.
ModelSim-Altera Info: #    Time: 0 ps  Iteration: 0  Instance: /rca_8b_tb/rca File: rca_8b_top.vo
ModelSim-Altera Info: #         Searched libraries:
ModelSim-Altera Info: #             C:/Users/patche/Documents/GitHub/CNUCSE-SoC-Design-2020-Spring/Lab6. RCA/ripple-carry-adder/simulation/modelsim/gate_work
ModelSim-Altera Error: # ** Error: (vsim-3033) rca_8b_top.vo(448): Instantiation of 'cyclonev_io_ibuf' failed. The design unit was not found.
ModelSim-Altera Info: #    Time: 0 ps  Iteration: 0  Instance: /rca_8b_tb/rca File: rca_8b_top.vo
ModelSim-Altera Info: #         Searched libraries:
ModelSim-Altera Info: #             C:/Users/patche/Documents/GitHub/CNUCSE-SoC-Design-2020-Spring/Lab6. RCA/ripple-carry-adder/simulation/modelsim/gate_work
ModelSim-Altera Error: # ** Error: (vsim-3033) rca_8b_top.vo(459): Instantiation of 'cyclonev_io_ibuf' failed. The design unit was not found.
ModelSim-Altera Info: #    Time: 0 ps  Iteration: 0  Instance: /rca_8b_tb/rca File: rca_8b_top.vo
ModelSim-Altera Info: #         Searched libraries:
ModelSim-Altera Info: #             C:/Users/patche/Documents/GitHub/CNUCSE-SoC-Design-2020-Spring/Lab6. RCA/ripple-carry-adder/simulation/modelsim/gate_work
ModelSim-Altera Error: # ** Error: (vsim-3033) rca_8b_top.vo(470): Instantiation of 'cyclonev_lcell_comb' failed. The design unit was not found.
ModelSim-Altera Info: #    Time: 0 ps  Iteration: 0  Instance: /rca_8b_tb/rca File: rca_8b_top.vo
ModelSim-Altera Info: #         Searched libraries:
ModelSim-Altera Info: #             C:/Users/patche/Documents/GitHub/CNUCSE-SoC-Design-2020-Spring/Lab6. RCA/ripple-carry-adder/simulation/modelsim/gate_work
ModelSim-Altera Error: # ** Error: (vsim-3033) rca_8b_top.vo(494): Instantiation of 'cyclonev_io_ibuf' failed. The design unit was not found.
ModelSim-Altera Info: #    Time: 0 ps  Iteration: 0  Instance: /rca_8b_tb/rca File: rca_8b_top.vo
ModelSim-Altera Info: #         Searched libraries:
ModelSim-Altera Info: #             C:/Users/patche/Documents/GitHub/CNUCSE-SoC-Design-2020-Spring/Lab6. RCA/ripple-carry-adder/simulation/modelsim/gate_work
ModelSim-Altera Error: # ** Error: (vsim-3033) rca_8b_top.vo(505): Instantiation of 'cyclonev_io_ibuf' failed. The design unit was not found.
ModelSim-Altera Info: #    Time: 0 ps  Iteration: 0  Instance: /rca_8b_tb/rca File: rca_8b_top.vo
ModelSim-Altera Info: #         Searched libraries:
ModelSim-Altera Info: #             C:/Users/patche/Documents/GitHub/CNUCSE-SoC-Design-2020-Spring/Lab6. RCA/ripple-carry-adder/simulation/modelsim/gate_work
ModelSim-Altera Error: # ** Error: (vsim-3033) rca_8b_top.vo(516): Instantiation of 'cyclonev_lcell_comb' failed. The design unit was not found.
ModelSim-Altera Info: #    Time: 0 ps  Iteration: 0  Instance: /rca_8b_tb/rca File: rca_8b_top.vo
ModelSim-Altera Info: #         Searched libraries:
ModelSim-Altera Info: #             C:/Users/patche/Documents/GitHub/CNUCSE-SoC-Design-2020-Spring/Lab6. RCA/ripple-carry-adder/simulation/modelsim/gate_work
ModelSim-Altera Error: # ** Error: (vsim-3033) rca_8b_top.vo(540): Instantiation of 'cyclonev_io_ibuf' failed. The design unit was not found.
ModelSim-Altera Info: #    Time: 0 ps  Iteration: 0  Instance: /rca_8b_tb/rca File: rca_8b_top.vo
ModelSim-Altera Info: #         Searched libraries:
ModelSim-Altera Info: #             C:/Users/patche/Documents/GitHub/CNUCSE-SoC-Design-2020-Spring/Lab6. RCA/ripple-carry-adder/simulation/modelsim/gate_work
ModelSim-Altera Error: # ** Error: (vsim-3033) rca_8b_top.vo(551): Instantiation of 'cyclonev_io_ibuf' failed. The design unit was not found.
ModelSim-Altera Info: #    Time: 0 ps  Iteration: 0  Instance: /rca_8b_tb/rca File: rca_8b_top.vo
ModelSim-Altera Info: #         Searched libraries:
ModelSim-Altera Info: #             C:/Users/patche/Documents/GitHub/CNUCSE-SoC-Design-2020-Spring/Lab6. RCA/ripple-carry-adder/simulation/modelsim/gate_work
ModelSim-Altera Error: # ** Error: (vsim-3033) rca_8b_top.vo(562): Instantiation of 'cyclonev_lcell_comb' failed. The design unit was not found.
ModelSim-Altera Info: #    Time: 0 ps  Iteration: 0  Instance: /rca_8b_tb/rca File: rca_8b_top.vo
ModelSim-Altera Info: #         Searched libraries:
ModelSim-Altera Info: #             C:/Users/patche/Documents/GitHub/CNUCSE-SoC-Design-2020-Spring/Lab6. RCA/ripple-carry-adder/simulation/modelsim/gate_work
ModelSim-Altera Error: # ** Error: (vsim-3033) rca_8b_top.vo(586): Instantiation of 'cyclonev_io_ibuf' failed. The design unit was not found.
ModelSim-Altera Info: #    Time: 0 ps  Iteration: 0  Instance: /rca_8b_tb/rca File: rca_8b_top.vo
ModelSim-Altera Info: #         Searched libraries:
ModelSim-Altera Info: #             C:/Users/patche/Documents/GitHub/CNUCSE-SoC-Design-2020-Spring/Lab6. RCA/ripple-carry-adder/simulation/modelsim/gate_work
ModelSim-Altera Error: # ** Error: (vsim-3033) rca_8b_top.vo(597): Instantiation of 'cyclonev_io_ibuf' failed. The design unit was not found.
ModelSim-Altera Info: #    Time: 0 ps  Iteration: 0  Instance: /rca_8b_tb/rca File: rca_8b_top.vo
ModelSim-Altera Info: #         Searched libraries:
ModelSim-Altera Info: #             C:/Users/patche/Documents/GitHub/CNUCSE-SoC-Design-2020-Spring/Lab6. RCA/ripple-carry-adder/simulation/modelsim/gate_work
ModelSim-Altera Error: # ** Error: (vsim-3033) rca_8b_top.vo(608): Instantiation of 'cyclonev_lcell_comb' failed. The design unit was not found.
ModelSim-Altera Info: #    Time: 0 ps  Iteration: 0  Instance: /rca_8b_tb/rca File: rca_8b_top.vo
ModelSim-Altera Info: #         Searched libraries:
ModelSim-Altera Info: #             C:/Users/patche/Documents/GitHub/CNUCSE-SoC-Design-2020-Spring/Lab6. RCA/ripple-carry-adder/simulation/modelsim/gate_work
ModelSim-Altera Error: # ** Error: (vsim-3033) rca_8b_top.vo(632): Instantiation of 'cyclonev_lcell_comb' failed. The design unit was not found.
ModelSim-Altera Info: #    Time: 0 ps  Iteration: 0  Instance: /rca_8b_tb/rca File: rca_8b_top.vo
ModelSim-Altera Info: #         Searched libraries:
ModelSim-Altera Info: #             C:/Users/patche/Documents/GitHub/CNUCSE-SoC-Design-2020-Spring/Lab6. RCA/ripple-carry-adder/simulation/modelsim/gate_work
ModelSim-Altera Error: # ** Error: (vsim-3033) rca_8b_top.vo(656): Instantiation of 'cyclonev_lcell_comb' failed. The design unit was not found.
ModelSim-Altera Info: #    Time: 0 ps  Iteration: 0  Instance: /rca_8b_tb/rca File: rca_8b_top.vo
ModelSim-Altera Info: #         Searched libraries:
ModelSim-Altera Info: #             C:/Users/patche/Documents/GitHub/CNUCSE-SoC-Design-2020-Spring/Lab6. RCA/ripple-carry-adder/simulation/modelsim/gate_work
ModelSim-Altera Error: # ** Error: (vsim-3033) rca_8b_top.vo(680): Instantiation of 'cyclonev_lcell_comb' failed. The design unit was not found.
ModelSim-Altera Info: #    Time: 0 ps  Iteration: 0  Instance: /rca_8b_tb/rca File: rca_8b_top.vo
ModelSim-Altera Info: #         Searched libraries:
ModelSim-Altera Info: #             C:/Users/patche/Documents/GitHub/CNUCSE-SoC-Design-2020-Spring/Lab6. RCA/ripple-carry-adder/simulation/modelsim/gate_work
ModelSim-Altera Error: # ** Error: (vsim-3033) rca_8b_top.vo(706): Instantiation of 'cyclonev_io_ibuf' failed. The design unit was not found.
ModelSim-Altera Info: #    Time: 0 ps  Iteration: 0  Instance: /rca_8b_tb/rca File: rca_8b_top.vo
ModelSim-Altera Info: #         Searched libraries:
ModelSim-Altera Info: #             C:/Users/patche/Documents/GitHub/CNUCSE-SoC-Design-2020-Spring/Lab6. RCA/ripple-carry-adder/simulation/modelsim/gate_work
ModelSim-Altera Error: # ** Error: (vsim-3033) rca_8b_top.vo(717): Instantiation of 'cyclonev_lcell_comb' failed. The design unit was not found.
ModelSim-Altera Info: #    Time: 0 ps  Iteration: 0  Instance: /rca_8b_tb/rca File: rca_8b_top.vo
ModelSim-Altera Info: #         Searched libraries:
ModelSim-Altera Info: #             C:/Users/patche/Documents/GitHub/CNUCSE-SoC-Design-2020-Spring/Lab6. RCA/ripple-carry-adder/simulation/modelsim/gate_work
ModelSim-Altera Error: # ** Error: (vsim-3033) rca_8b_top.vo(741): Instantiation of 'cyclonev_lcell_comb' failed. The design unit was not found.
ModelSim-Altera Info: #    Time: 0 ps  Iteration: 0  Instance: /rca_8b_tb/rca File: rca_8b_top.vo
ModelSim-Altera Info: #         Searched libraries:
ModelSim-Altera Info: #             C:/Users/patche/Documents/GitHub/CNUCSE-SoC-Design-2020-Spring/Lab6. RCA/ripple-carry-adder/simulation/modelsim/gate_work
ModelSim-Altera Error: # ** Error: (vsim-3033) rca_8b_top.vo(766): Instantiation of 'cyclonev_lcell_comb' failed. The design unit was not found.
ModelSim-Altera Info: #    Time: 0 ps  Iteration: 0  Instance: /rca_8b_tb/rca File: rca_8b_top.vo
ModelSim-Altera Info: #         Searched libraries:
ModelSim-Altera Info: #             C:/Users/patche/Documents/GitHub/CNUCSE-SoC-Design-2020-Spring/Lab6. RCA/ripple-carry-adder/simulation/modelsim/gate_work
ModelSim-Altera Error: # ** Error: (vsim-3033) rca_8b_top.vo(790): Instantiation of 'cyclonev_lcell_comb' failed. The design unit was not found.
ModelSim-Altera Info: #    Time: 0 ps  Iteration: 0  Instance: /rca_8b_tb/rca File: rca_8b_top.vo
ModelSim-Altera Info: #         Searched libraries:
ModelSim-Altera Info: #             C:/Users/patche/Documents/GitHub/CNUCSE-SoC-Design-2020-Spring/Lab6. RCA/ripple-carry-adder/simulation/modelsim/gate_work
ModelSim-Altera Error: # ** Error: (vsim-3033) rca_8b_top.vo(814): Instantiation of 'cyclonev_lcell_comb' failed. The design unit was not found.
ModelSim-Altera Info: #    Time: 0 ps  Iteration: 0  Instance: /rca_8b_tb/rca File: rca_8b_top.vo
ModelSim-Altera Info: #         Searched libraries:
ModelSim-Altera Info: #             C:/Users/patche/Documents/GitHub/CNUCSE-SoC-Design-2020-Spring/Lab6. RCA/ripple-carry-adder/simulation/modelsim/gate_work
ModelSim-Altera Info: # Error loading design
ModelSim-Altera Info: # End time: 16:49:22 on Apr 19,2020, Elapsed time: 0:00:00
ModelSim-Altera Info: # Errors: 42, Warnings: 0
ModelSim-Altera Info: vsim work.rca_8b_tb
ModelSim-Altera Info: # vsim work.rca_8b_tb 
ModelSim-Altera Info: # Start time: 16:49:38 on Apr 19,2020
ModelSim-Altera Info: # Loading work.rca_8b_tb
ModelSim-Altera Info: # Loading work.rca_8b_top
ModelSim-Altera Error: # ** Error: (vsim-3033) rca_8b_top.vo(120): Instantiation of 'cyclonev_io_obuf' failed. The design unit was not found.
ModelSim-Altera Info: #    Time: 0 ps  Iteration: 0  Instance: /rca_8b_tb/rca File: rca_8b_top.vo
ModelSim-Altera Info: #         Searched libraries:
ModelSim-Altera Info: #             C:/Users/patche/Documents/GitHub/CNUCSE-SoC-Design-2020-Spring/Lab6. RCA/ripple-carry-adder/simulation/modelsim/gate_work
ModelSim-Altera Error: # ** Error: (vsim-3033) rca_8b_top.vo(136): Instantiation of 'cyclonev_io_obuf' failed. The design unit was not found.
ModelSim-Altera Info: #    Time: 0 ps  Iteration: 0  Instance: /rca_8b_tb/rca File: rca_8b_top.vo
ModelSim-Altera Info: #         Searched libraries:
ModelSim-Altera Info: #             C:/Users/patche/Documents/GitHub/CNUCSE-SoC-Design-2020-Spring/Lab6. RCA/ripple-carry-adder/simulation/modelsim/gate_work
ModelSim-Altera Error: # ** Error: (vsim-3033) rca_8b_top.vo(152): Instantiation of 'cyclonev_io_obuf' failed. The design unit was not found.
ModelSim-Altera Info: #    Time: 0 ps  Iteration: 0  Instance: /rca_8b_tb/rca File: rca_8b_top.vo
ModelSim-Altera Info: #         Searched libraries:
ModelSim-Altera Info: #             C:/Users/patche/Documents/GitHub/CNUCSE-SoC-Design-2020-Spring/Lab6. RCA/ripple-carry-adder/simulation/modelsim/gate_work
ModelSim-Altera Error: # ** Error: (vsim-3033) rca_8b_top.vo(168): Instantiation of 'cyclonev_io_obuf' failed. The design unit was not found.
ModelSim-Altera Info: #    Time: 0 ps  Iteration: 0  Instance: /rca_8b_tb/rca File: rca_8b_top.vo
ModelSim-Altera Info: #         Searched libraries:
ModelSim-Altera Info: #             C:/Users/patche/Documents/GitHub/CNUCSE-SoC-Design-2020-Spring/Lab6. RCA/ripple-carry-adder/simulation/modelsim/gate_work
ModelSim-Altera Error: # ** Error: (vsim-3033) rca_8b_top.vo(184): Instantiation of 'cyclonev_io_obuf' failed. The design unit was not found.
ModelSim-Altera Info: #    Time: 0 ps  Iteration: 0  Instance: /rca_8b_tb/rca File: rca_8b_top.vo
ModelSim-Altera Info: #         Searched libraries:
ModelSim-Altera Info: #             C:/Users/patche/Documents/GitHub/CNUCSE-SoC-Design-2020-Spring/Lab6. RCA/ripple-carry-adder/simulation/modelsim/gate_work
ModelSim-Altera Error: # ** Error: (vsim-3033) rca_8b_top.vo(200): Instantiation of 'cyclonev_io_obuf' failed. The design unit was not found.
ModelSim-Altera Info: #    Time: 0 ps  Iteration: 0  Instance: /rca_8b_tb/rca File: rca_8b_top.vo
ModelSim-Altera Info: #         Searched libraries:
ModelSim-Altera Info: #             C:/Users/patche/Documents/GitHub/CNUCSE-SoC-Design-2020-Spring/Lab6. RCA/ripple-carry-adder/simulation/modelsim/gate_work
ModelSim-Altera Error: # ** Error: (vsim-3033) rca_8b_top.vo(216): Instantiation of 'cyclonev_io_obuf' failed. The design unit was not found.
ModelSim-Altera Info: #    Time: 0 ps  Iteration: 0  Instance: /rca_8b_tb/rca File: rca_8b_top.vo
ModelSim-Altera Info: #         Searched libraries:
ModelSim-Altera Info: #             C:/Users/patche/Documents/GitHub/CNUCSE-SoC-Design-2020-Spring/Lab6. RCA/ripple-carry-adder/simulation/modelsim/gate_work
ModelSim-Altera Error: # ** Error: (vsim-3033) rca_8b_top.vo(232): Instantiation of 'cyclonev_io_obuf' failed. The design unit was not found.
ModelSim-Altera Info: #    Time: 0 ps  Iteration: 0  Instance: /rca_8b_tb/rca File: rca_8b_top.vo
ModelSim-Altera Info: #         Searched libraries:
ModelSim-Altera Info: #             C:/Users/patche/Documents/GitHub/CNUCSE-SoC-Design-2020-Spring/Lab6. RCA/ripple-carry-adder/simulation/modelsim/gate_work
ModelSim-Altera Error: # ** Error: (vsim-3033) rca_8b_top.vo(248): Instantiation of 'cyclonev_io_obuf' failed. The design unit was not found.
ModelSim-Altera Info: #    Time: 0 ps  Iteration: 0  Instance: /rca_8b_tb/rca File: rca_8b_top.vo
ModelSim-Altera Info: #         Searched libraries:
ModelSim-Altera Info: #             C:/Users/patche/Documents/GitHub/CNUCSE-SoC-Design-2020-Spring/Lab6. RCA/ripple-carry-adder/simulation/modelsim/gate_work
ModelSim-Altera Error: # ** Error: (vsim-3033) rca_8b_top.vo(264): Instantiation of 'cyclonev_io_ibuf' failed. The design unit was not found.
ModelSim-Altera Info: #    Time: 0 ps  Iteration: 0  Instance: /rca_8b_tb/rca File: rca_8b_top.vo
ModelSim-Altera Info: #         Searched libraries:
ModelSim-Altera Info: #             C:/Users/patche/Documents/GitHub/CNUCSE-SoC-Design-2020-Spring/Lab6. RCA/ripple-carry-adder/simulation/modelsim/gate_work
ModelSim-Altera Error: # ** Error: (vsim-3033) rca_8b_top.vo(275): Instantiation of 'cyclonev_io_ibuf' failed. The design unit was not found.
ModelSim-Altera Info: #    Time: 0 ps  Iteration: 0  Instance: /rca_8b_tb/rca File: rca_8b_top.vo
ModelSim-Altera Info: #         Searched libraries:
ModelSim-Altera Info: #             C:/Users/patche/Documents/GitHub/CNUCSE-SoC-Design-2020-Spring/Lab6. RCA/ripple-carry-adder/simulation/modelsim/gate_work
ModelSim-Altera Error: # ** Error: (vsim-3033) rca_8b_top.vo(286): Instantiation of 'cyclonev_lcell_comb' failed. The design unit was not found.
ModelSim-Altera Info: #    Time: 0 ps  Iteration: 0  Instance: /rca_8b_tb/rca File: rca_8b_top.vo
ModelSim-Altera Info: #         Searched libraries:
ModelSim-Altera Info: #             C:/Users/patche/Documents/GitHub/CNUCSE-SoC-Design-2020-Spring/Lab6. RCA/ripple-carry-adder/simulation/modelsim/gate_work
ModelSim-Altera Error: # ** Error: (vsim-3033) rca_8b_top.vo(310): Instantiation of 'cyclonev_io_ibuf' failed. The design unit was not found.
ModelSim-Altera Info: #    Time: 0 ps  Iteration: 0  Instance: /rca_8b_tb/rca File: rca_8b_top.vo
ModelSim-Altera Info: #         Searched libraries:
ModelSim-Altera Info: #             C:/Users/patche/Documents/GitHub/CNUCSE-SoC-Design-2020-Spring/Lab6. RCA/ripple-carry-adder/simulation/modelsim/gate_work
ModelSim-Altera Error: # ** Error: (vsim-3033) rca_8b_top.vo(321): Instantiation of 'cyclonev_io_ibuf' failed. The design unit was not found.
ModelSim-Altera Info: #    Time: 0 ps  Iteration: 0  Instance: /rca_8b_tb/rca File: rca_8b_top.vo
ModelSim-Altera Info: #         Searched libraries:
ModelSim-Altera Info: #             C:/Users/patche/Documents/GitHub/CNUCSE-SoC-Design-2020-Spring/Lab6. RCA/ripple-carry-adder/simulation/modelsim/gate_work
ModelSim-Altera Error: # ** Error: (vsim-3033) rca_8b_top.vo(332): Instantiation of 'cyclonev_lcell_comb' failed. The design unit was not found.
ModelSim-Altera Info: #    Time: 0 ps  Iteration: 0  Instance: /rca_8b_tb/rca File: rca_8b_top.vo
ModelSim-Altera Info: #         Searched libraries:
ModelSim-Altera Info: #             C:/Users/patche/Documents/GitHub/CNUCSE-SoC-Design-2020-Spring/Lab6. RCA/ripple-carry-adder/simulation/modelsim/gate_work
ModelSim-Altera Error: # ** Error: (vsim-3033) rca_8b_top.vo(356): Instantiation of 'cyclonev_io_ibuf' failed. The design unit was not found.
ModelSim-Altera Info: #    Time: 0 ps  Iteration: 0  Instance: /rca_8b_tb/rca File: rca_8b_top.vo
ModelSim-Altera Info: #         Searched libraries:
ModelSim-Altera Info: #             C:/Users/patche/Documents/GitHub/CNUCSE-SoC-Design-2020-Spring/Lab6. RCA/ripple-carry-adder/simulation/modelsim/gate_work
ModelSim-Altera Error: # ** Error: (vsim-3033) rca_8b_top.vo(367): Instantiation of 'cyclonev_io_ibuf' failed. The design unit was not found.
ModelSim-Altera Info: #    Time: 0 ps  Iteration: 0  Instance: /rca_8b_tb/rca File: rca_8b_top.vo
ModelSim-Altera Info: #         Searched libraries:
ModelSim-Altera Info: #             C:/Users/patche/Documents/GitHub/CNUCSE-SoC-Design-2020-Spring/Lab6. RCA/ripple-carry-adder/simulation/modelsim/gate_work
ModelSim-Altera Error: # ** Error: (vsim-3033) rca_8b_top.vo(378): Instantiation of 'cyclonev_lcell_comb' failed. The design unit was not found.
ModelSim-Altera Info: #    Time: 0 ps  Iteration: 0  Instance: /rca_8b_tb/rca File: rca_8b_top.vo
ModelSim-Altera Info: #         Searched libraries:
ModelSim-Altera Info: #             C:/Users/patche/Documents/GitHub/CNUCSE-SoC-Design-2020-Spring/Lab6. RCA/ripple-carry-adder/simulation/modelsim/gate_work
ModelSim-Altera Error: # ** Error: (vsim-3033) rca_8b_top.vo(402): Instantiation of 'cyclonev_io_ibuf' failed. The design unit was not found.
ModelSim-Altera Info: #    Time: 0 ps  Iteration: 0  Instance: /rca_8b_tb/rca File: rca_8b_top.vo
ModelSim-Altera Info: #         Searched libraries:
ModelSim-Altera Info: #             C:/Users/patche/Documents/GitHub/CNUCSE-SoC-Design-2020-Spring/Lab6. RCA/ripple-carry-adder/simulation/modelsim/gate_work
ModelSim-Altera Error: # ** Error: (vsim-3033) rca_8b_top.vo(413): Instantiation of 'cyclonev_io_ibuf' failed. The design unit was not found.
ModelSim-Altera Info: #    Time: 0 ps  Iteration: 0  Instance: /rca_8b_tb/rca File: rca_8b_top.vo
ModelSim-Altera Info: #         Searched libraries:
ModelSim-Altera Info: #             C:/Users/patche/Documents/GitHub/CNUCSE-SoC-Design-2020-Spring/Lab6. RCA/ripple-carry-adder/simulation/modelsim/gate_work
ModelSim-Altera Error: # ** Error: (vsim-3033) rca_8b_top.vo(424): Instantiation of 'cyclonev_lcell_comb' failed. The design unit was not found.
ModelSim-Altera Info: #    Time: 0 ps  Iteration: 0  Instance: /rca_8b_tb/rca File: rca_8b_top.vo
ModelSim-Altera Info: #         Searched libraries:
ModelSim-Altera Info: #             C:/Users/patche/Documents/GitHub/CNUCSE-SoC-Design-2020-Spring/Lab6. RCA/ripple-carry-adder/simulation/modelsim/gate_work
ModelSim-Altera Error: # ** Error: (vsim-3033) rca_8b_top.vo(448): Instantiation of 'cyclonev_io_ibuf' failed. The design unit was not found.
ModelSim-Altera Info: #    Time: 0 ps  Iteration: 0  Instance: /rca_8b_tb/rca File: rca_8b_top.vo
ModelSim-Altera Info: #         Searched libraries:
ModelSim-Altera Info: #             C:/Users/patche/Documents/GitHub/CNUCSE-SoC-Design-2020-Spring/Lab6. RCA/ripple-carry-adder/simulation/modelsim/gate_work
ModelSim-Altera Error: # ** Error: (vsim-3033) rca_8b_top.vo(459): Instantiation of 'cyclonev_io_ibuf' failed. The design unit was not found.
ModelSim-Altera Info: #    Time: 0 ps  Iteration: 0  Instance: /rca_8b_tb/rca File: rca_8b_top.vo
ModelSim-Altera Info: #         Searched libraries:
ModelSim-Altera Info: #             C:/Users/patche/Documents/GitHub/CNUCSE-SoC-Design-2020-Spring/Lab6. RCA/ripple-carry-adder/simulation/modelsim/gate_work
ModelSim-Altera Error: # ** Error: (vsim-3033) rca_8b_top.vo(470): Instantiation of 'cyclonev_lcell_comb' failed. The design unit was not found.
ModelSim-Altera Info: #    Time: 0 ps  Iteration: 0  Instance: /rca_8b_tb/rca File: rca_8b_top.vo
ModelSim-Altera Info: #         Searched libraries:
ModelSim-Altera Info: #             C:/Users/patche/Documents/GitHub/CNUCSE-SoC-Design-2020-Spring/Lab6. RCA/ripple-carry-adder/simulation/modelsim/gate_work
ModelSim-Altera Error: # ** Error: (vsim-3033) rca_8b_top.vo(494): Instantiation of 'cyclonev_io_ibuf' failed. The design unit was not found.
ModelSim-Altera Info: #    Time: 0 ps  Iteration: 0  Instance: /rca_8b_tb/rca File: rca_8b_top.vo
ModelSim-Altera Info: #         Searched libraries:
ModelSim-Altera Info: #             C:/Users/patche/Documents/GitHub/CNUCSE-SoC-Design-2020-Spring/Lab6. RCA/ripple-carry-adder/simulation/modelsim/gate_work
ModelSim-Altera Error: # ** Error: (vsim-3033) rca_8b_top.vo(505): Instantiation of 'cyclonev_io_ibuf' failed. The design unit was not found.
ModelSim-Altera Info: #    Time: 0 ps  Iteration: 0  Instance: /rca_8b_tb/rca File: rca_8b_top.vo
ModelSim-Altera Info: #         Searched libraries:
ModelSim-Altera Info: #             C:/Users/patche/Documents/GitHub/CNUCSE-SoC-Design-2020-Spring/Lab6. RCA/ripple-carry-adder/simulation/modelsim/gate_work
ModelSim-Altera Error: # ** Error: (vsim-3033) rca_8b_top.vo(516): Instantiation of 'cyclonev_lcell_comb' failed. The design unit was not found.
ModelSim-Altera Info: #    Time: 0 ps  Iteration: 0  Instance: /rca_8b_tb/rca File: rca_8b_top.vo
ModelSim-Altera Info: #         Searched libraries:
ModelSim-Altera Info: #             C:/Users/patche/Documents/GitHub/CNUCSE-SoC-Design-2020-Spring/Lab6. RCA/ripple-carry-adder/simulation/modelsim/gate_work
ModelSim-Altera Error: # ** Error: (vsim-3033) rca_8b_top.vo(540): Instantiation of 'cyclonev_io_ibuf' failed. The design unit was not found.
ModelSim-Altera Info: #    Time: 0 ps  Iteration: 0  Instance: /rca_8b_tb/rca File: rca_8b_top.vo
ModelSim-Altera Info: #         Searched libraries:
ModelSim-Altera Info: #             C:/Users/patche/Documents/GitHub/CNUCSE-SoC-Design-2020-Spring/Lab6. RCA/ripple-carry-adder/simulation/modelsim/gate_work
ModelSim-Altera Error: # ** Error: (vsim-3033) rca_8b_top.vo(551): Instantiation of 'cyclonev_io_ibuf' failed. The design unit was not found.
ModelSim-Altera Info: #    Time: 0 ps  Iteration: 0  Instance: /rca_8b_tb/rca File: rca_8b_top.vo
ModelSim-Altera Info: #         Searched libraries:
ModelSim-Altera Info: #             C:/Users/patche/Documents/GitHub/CNUCSE-SoC-Design-2020-Spring/Lab6. RCA/ripple-carry-adder/simulation/modelsim/gate_work
ModelSim-Altera Error: # ** Error: (vsim-3033) rca_8b_top.vo(562): Instantiation of 'cyclonev_lcell_comb' failed. The design unit was not found.
ModelSim-Altera Info: #    Time: 0 ps  Iteration: 0  Instance: /rca_8b_tb/rca File: rca_8b_top.vo
ModelSim-Altera Info: #         Searched libraries:
ModelSim-Altera Info: #             C:/Users/patche/Documents/GitHub/CNUCSE-SoC-Design-2020-Spring/Lab6. RCA/ripple-carry-adder/simulation/modelsim/gate_work
ModelSim-Altera Error: # ** Error: (vsim-3033) rca_8b_top.vo(586): Instantiation of 'cyclonev_io_ibuf' failed. The design unit was not found.
ModelSim-Altera Info: #    Time: 0 ps  Iteration: 0  Instance: /rca_8b_tb/rca File: rca_8b_top.vo
ModelSim-Altera Info: #         Searched libraries:
ModelSim-Altera Info: #             C:/Users/patche/Documents/GitHub/CNUCSE-SoC-Design-2020-Spring/Lab6. RCA/ripple-carry-adder/simulation/modelsim/gate_work
ModelSim-Altera Error: # ** Error: (vsim-3033) rca_8b_top.vo(597): Instantiation of 'cyclonev_io_ibuf' failed. The design unit was not found.
ModelSim-Altera Info: #    Time: 0 ps  Iteration: 0  Instance: /rca_8b_tb/rca File: rca_8b_top.vo
ModelSim-Altera Info: #         Searched libraries:
ModelSim-Altera Info: #             C:/Users/patche/Documents/GitHub/CNUCSE-SoC-Design-2020-Spring/Lab6. RCA/ripple-carry-adder/simulation/modelsim/gate_work
ModelSim-Altera Error: # ** Error: (vsim-3033) rca_8b_top.vo(608): Instantiation of 'cyclonev_lcell_comb' failed. The design unit was not found.
ModelSim-Altera Info: #    Time: 0 ps  Iteration: 0  Instance: /rca_8b_tb/rca File: rca_8b_top.vo
ModelSim-Altera Info: #         Searched libraries:
ModelSim-Altera Info: #             C:/Users/patche/Documents/GitHub/CNUCSE-SoC-Design-2020-Spring/Lab6. RCA/ripple-carry-adder/simulation/modelsim/gate_work
ModelSim-Altera Error: # ** Error: (vsim-3033) rca_8b_top.vo(632): Instantiation of 'cyclonev_lcell_comb' failed. The design unit was not found.
ModelSim-Altera Info: #    Time: 0 ps  Iteration: 0  Instance: /rca_8b_tb/rca File: rca_8b_top.vo
ModelSim-Altera Info: #         Searched libraries:
ModelSim-Altera Info: #             C:/Users/patche/Documents/GitHub/CNUCSE-SoC-Design-2020-Spring/Lab6. RCA/ripple-carry-adder/simulation/modelsim/gate_work
ModelSim-Altera Error: # ** Error: (vsim-3033) rca_8b_top.vo(656): Instantiation of 'cyclonev_lcell_comb' failed. The design unit was not found.
ModelSim-Altera Info: #    Time: 0 ps  Iteration: 0  Instance: /rca_8b_tb/rca File: rca_8b_top.vo
ModelSim-Altera Info: #         Searched libraries:
ModelSim-Altera Info: #             C:/Users/patche/Documents/GitHub/CNUCSE-SoC-Design-2020-Spring/Lab6. RCA/ripple-carry-adder/simulation/modelsim/gate_work
ModelSim-Altera Error: # ** Error: (vsim-3033) rca_8b_top.vo(680): Instantiation of 'cyclonev_lcell_comb' failed. The design unit was not found.
ModelSim-Altera Info: #    Time: 0 ps  Iteration: 0  Instance: /rca_8b_tb/rca File: rca_8b_top.vo
ModelSim-Altera Info: #         Searched libraries:
ModelSim-Altera Info: #             C:/Users/patche/Documents/GitHub/CNUCSE-SoC-Design-2020-Spring/Lab6. RCA/ripple-carry-adder/simulation/modelsim/gate_work
ModelSim-Altera Error: # ** Error: (vsim-3033) rca_8b_top.vo(706): Instantiation of 'cyclonev_io_ibuf' failed. The design unit was not found.
ModelSim-Altera Info: #    Time: 0 ps  Iteration: 0  Instance: /rca_8b_tb/rca File: rca_8b_top.vo
ModelSim-Altera Info: #         Searched libraries:
ModelSim-Altera Info: #             C:/Users/patche/Documents/GitHub/CNUCSE-SoC-Design-2020-Spring/Lab6. RCA/ripple-carry-adder/simulation/modelsim/gate_work
ModelSim-Altera Error: # ** Error: (vsim-3033) rca_8b_top.vo(717): Instantiation of 'cyclonev_lcell_comb' failed. The design unit was not found.
ModelSim-Altera Info: #    Time: 0 ps  Iteration: 0  Instance: /rca_8b_tb/rca File: rca_8b_top.vo
ModelSim-Altera Info: #         Searched libraries:
ModelSim-Altera Info: #             C:/Users/patche/Documents/GitHub/CNUCSE-SoC-Design-2020-Spring/Lab6. RCA/ripple-carry-adder/simulation/modelsim/gate_work
ModelSim-Altera Error: # ** Error: (vsim-3033) rca_8b_top.vo(741): Instantiation of 'cyclonev_lcell_comb' failed. The design unit was not found.
ModelSim-Altera Info: #    Time: 0 ps  Iteration: 0  Instance: /rca_8b_tb/rca File: rca_8b_top.vo
ModelSim-Altera Info: #         Searched libraries:
ModelSim-Altera Info: #             C:/Users/patche/Documents/GitHub/CNUCSE-SoC-Design-2020-Spring/Lab6. RCA/ripple-carry-adder/simulation/modelsim/gate_work
ModelSim-Altera Error: # ** Error: (vsim-3033) rca_8b_top.vo(766): Instantiation of 'cyclonev_lcell_comb' failed. The design unit was not found.
ModelSim-Altera Info: #    Time: 0 ps  Iteration: 0  Instance: /rca_8b_tb/rca File: rca_8b_top.vo
ModelSim-Altera Info: #         Searched libraries:
ModelSim-Altera Info: #             C:/Users/patche/Documents/GitHub/CNUCSE-SoC-Design-2020-Spring/Lab6. RCA/ripple-carry-adder/simulation/modelsim/gate_work
ModelSim-Altera Error: # ** Error: (vsim-3033) rca_8b_top.vo(790): Instantiation of 'cyclonev_lcell_comb' failed. The design unit was not found.
ModelSim-Altera Info: #    Time: 0 ps  Iteration: 0  Instance: /rca_8b_tb/rca File: rca_8b_top.vo
ModelSim-Altera Info: #         Searched libraries:
ModelSim-Altera Info: #             C:/Users/patche/Documents/GitHub/CNUCSE-SoC-Design-2020-Spring/Lab6. RCA/ripple-carry-adder/simulation/modelsim/gate_work
ModelSim-Altera Error: # ** Error: (vsim-3033) rca_8b_top.vo(814): Instantiation of 'cyclonev_lcell_comb' failed. The design unit was not found.
ModelSim-Altera Info: #    Time: 0 ps  Iteration: 0  Instance: /rca_8b_tb/rca File: rca_8b_top.vo
ModelSim-Altera Info: #         Searched libraries:
ModelSim-Altera Info: #             C:/Users/patche/Documents/GitHub/CNUCSE-SoC-Design-2020-Spring/Lab6. RCA/ripple-carry-adder/simulation/modelsim/gate_work
ModelSim-Altera Info: # Error loading design
ModelSim-Altera Info: # End time: 16:49:39 on Apr 19,2020, Elapsed time: 0:00:01
ModelSim-Altera Info: # Errors: 42, Warnings: 0
ModelSim-Altera Info: # reading C:/intelFPGA/19.1/modelsim_ase/win32aloem/../modelsim.ini
ModelSim-Altera Info: # Loading project rca_8b
Error: Errors encountered while running modelsim do file
Error: NativeLink simulation flow was NOT successful



================The following additional information is provided to help identify the cause of error while running nativelink scripts=================
Nativelink TCL script failed with errorCode:  1
Nativelink TCL script failed with errorInfo:  1
    (procedure "launch_sim" line 1)
    invoked from within
"launch_sim launch_args_hash"
    ("eval" body line 1)
    invoked from within
"eval launch_sim launch_args_hash"
    invoked from within
"if [ info exists ::errorCode ] {
                set savedCode $::errorCode
                set savedInfo $::errorInfo
                error $result $..."
    invoked from within
"if [catch {eval launch_sim launch_args_hash} result ] {
            set status 1
            if [ info exists ::errorCode ] {
                set save..."
    (procedure "run_sim" line 74)
    invoked from within
"run_sim run_sim_args_hash"
    invoked from within
"if [ info exists ::errorCode ] {
            set savedCode $::errorCode
            set savedInfo $::errorInfo
            error "$result" $savedInfo ..."
    (procedure "run_eda_simulation_tool" line 334)
    invoked from within
"run_eda_simulation_tool eda_opts_hash"
